{
  "RSpec": {
    "coverage": {
      "/home/ambitious-bundle-0293/tic-tac-toe-rb-online-web-sp-000/lib/tic_tac_toe.rb": [
        1,
        null,
        null,
        null,
        1,
        null,
        null,
        null,
        null,
        null,
        null,
        null,
        null,
        null,
        null,
        1,
        24,
        24,
        24,
        24,
        24,
        null,
        null,
        1,
        23,
        null,
        null,
        1,
        22,
        22,
        null,
        null,
        null,
        null,
        1,
        27,
        24,
        3,
        null,
        null,
        null,
        null,
        1,
        23,
        20,
        3,
        null,
        null,
        null,
        1,
        27,
        27,
        243,
        43,
        null,
        null,
        27,
        null,
        null,
        1,
        20,
        14,
        null,
        6,
        null,
        null,
        null,
        null,
        null,
        null,
        1,
        20,
        20,
        20,
        20,
        19,
        19,
        1,
        null,
        null,
        null,
        null,
        1,
        117,
        742,
        742,
        742,
        null,
        742,
        742,
        742,
        null,
        742,
        35,
        707,
        13,
        null,
        694,
        null,
        null,
        null,
        null,
        null,
        1,
        32,
        23,
        null,
        9,
        null,
        null,
        null,
        null,
        1,
        32,
        8,
        24,
        null,
        null,
        null,
        null,
        1,
        38,
        26,
        null,
        12,
        null,
        null,
        null,
        null,
        1,
        25,
        25,
        10,
        null,
        null,
        null,
        null,
        null,
        null,
        15,
        12,
        17,
        null,
        12,
        12,
        0,
        null,
        0,
        0,
        null,
        null,
        null
      ]
    },
    "timestamp": 1617056527
  }
}
