{
  "RSpec": {
    "coverage": {
      "/home/ambitious-bundle-0293/tic-tac-toe-rb-online-web-sp-000/lib/tic_tac_toe.rb": [
        1,
        null,
        null,
        null,
        1,
        null,
        null,
        null,
        null,
        null,
        null,
        null,
        null,
        null,
        null,
        1,
        7,
        7,
        7,
        7,
        7,
        null,
        null,
        1,
        6,
        null,
        null,
        1,
        5,
        5,
        null,
        null,
        null,
        null,
        1,
        10,
        7,
        3,
        null,
        null,
        null,
        null,
        1,
        6,
        3,
        3,
        null,
        null,
        null,
        1,
        4,
        4,
        36,
        5,
        null,
        null,
        4,
        null,
        null,
        1,
        3,
        3,
        null,
        0,
        null,
        null,
        null,
        null,
        null,
        null,
        1,
        3,
        3,
        3,
        3,
        2,
        2,
        1,
        null,
        null
      ]
    },
    "timestamp": 1617055305
  }
}
